<?xml version="1.0" encoding="UTF-8"?>
<!-- Generated by org.testng.reporters.JUnitReportReporter -->
<testsuite hostname="DESKTOP-HNK7R59" failures="0" tests="1" name="first_test_for_testing_purose.trial_class" time="5.670" errors="0" timestamp="2024-07-22T20:34:12 IST" skipped="0">
  <testcase classname="first_test_for_testing_purose.trial_class" name="f" time="5.670"/>
  <system-out/>
</testsuite> <!-- first_test_for_testing_purose.trial_class -->
